INFO - 2023-07-10 02:19:35 --> Session: Class initialized using 'CodeIgniter\Session\Handlers\FileHandler' driver.
INFO - 2023-07-10 02:19:37 --> Session: Class initialized using 'CodeIgniter\Session\Handlers\FileHandler' driver.
INFO - 2023-07-10 02:19:44 --> Session: Class initialized using 'CodeIgniter\Session\Handlers\FileHandler' driver.
INFO - 2023-07-10 02:19:44 --> Session: Class initialized using 'CodeIgniter\Session\Handlers\FileHandler' driver.
INFO - 2023-07-10 02:19:56 --> Session: Class initialized using 'CodeIgniter\Session\Handlers\FileHandler' driver.
INFO - 2023-07-10 02:19:56 --> Session: Class initialized using 'CodeIgniter\Session\Handlers\FileHandler' driver.
INFO - 2023-07-10 02:20:00 --> Session: Class initialized using 'CodeIgniter\Session\Handlers\FileHandler' driver.
INFO - 2023-07-10 02:20:01 --> Session: Class initialized using 'CodeIgniter\Session\Handlers\FileHandler' driver.
INFO - 2023-07-10 02:20:05 --> Session: Class initialized using 'CodeIgniter\Session\Handlers\FileHandler' driver.
INFO - 2023-07-10 02:20:05 --> Session: Class initialized using 'CodeIgniter\Session\Handlers\FileHandler' driver.
INFO - 2023-07-10 02:20:09 --> Session: Class initialized using 'CodeIgniter\Session\Handlers\FileHandler' driver.
INFO - 2023-07-10 02:20:09 --> Session: Class initialized using 'CodeIgniter\Session\Handlers\FileHandler' driver.
INFO - 2023-07-10 02:20:15 --> Session: Class initialized using 'CodeIgniter\Session\Handlers\FileHandler' driver.
INFO - 2023-07-10 02:20:15 --> Session: Class initialized using 'CodeIgniter\Session\Handlers\FileHandler' driver.
INFO - 2023-07-10 02:20:29 --> Session: Class initialized using 'CodeIgniter\Session\Handlers\FileHandler' driver.
INFO - 2023-07-10 02:20:29 --> Session: Class initialized using 'CodeIgniter\Session\Handlers\FileHandler' driver.
INFO - 2023-07-10 02:20:56 --> Session: Class initialized using 'CodeIgniter\Session\Handlers\FileHandler' driver.
INFO - 2023-07-10 02:20:56 --> Session: Class initialized using 'CodeIgniter\Session\Handlers\FileHandler' driver.
INFO - 2023-07-10 02:20:57 --> Session: Class initialized using 'CodeIgniter\Session\Handlers\FileHandler' driver.
INFO - 2023-07-10 02:21:03 --> Session: Class initialized using 'CodeIgniter\Session\Handlers\FileHandler' driver.
INFO - 2023-07-10 02:21:03 --> Session: Class initialized using 'CodeIgniter\Session\Handlers\FileHandler' driver.
INFO - 2023-07-10 02:21:05 --> Session: Class initialized using 'CodeIgniter\Session\Handlers\FileHandler' driver.
INFO - 2023-07-10 02:21:18 --> Session: Class initialized using 'CodeIgniter\Session\Handlers\FileHandler' driver.
INFO - 2023-07-10 02:21:18 --> Session: Class initialized using 'CodeIgniter\Session\Handlers\FileHandler' driver.
INFO - 2023-07-10 02:21:23 --> Session: Class initialized using 'CodeIgniter\Session\Handlers\FileHandler' driver.
INFO - 2023-07-10 02:21:23 --> Session: Class initialized using 'CodeIgniter\Session\Handlers\FileHandler' driver.
INFO - 2023-07-10 02:21:28 --> Session: Class initialized using 'CodeIgniter\Session\Handlers\FileHandler' driver.
INFO - 2023-07-10 02:21:28 --> Session: Class initialized using 'CodeIgniter\Session\Handlers\FileHandler' driver.
INFO - 2023-07-10 02:21:29 --> Session: Class initialized using 'CodeIgniter\Session\Handlers\FileHandler' driver.
CRITICAL - 2023-07-10 02:24:17 --> Cannot call constructor
in APPPATH\Controllers\Admin\CategoryController.php on line 12.
 1 SYSTEMPATH\CodeIgniter.php(906): App\Controllers\Admin\CategoryController->__construct()
 2 SYSTEMPATH\CodeIgniter.php(490): CodeIgniter\CodeIgniter->createController()
 3 SYSTEMPATH\CodeIgniter.php(368): CodeIgniter\CodeIgniter->handleRequest(null, Object(Config\Cache), false)
 4 FCPATH\index.php(67): CodeIgniter\CodeIgniter->run()
CRITICAL - 2023-07-10 02:25:08 --> Class 'App\Models\CategoryModel' not found
in APPPATH\Controllers\Admin\CategoryController.php on line 12.
 1 SYSTEMPATH\CodeIgniter.php(906): App\Controllers\Admin\CategoryController->__construct()
 2 SYSTEMPATH\CodeIgniter.php(490): CodeIgniter\CodeIgniter->createController()
 3 SYSTEMPATH\CodeIgniter.php(368): CodeIgniter\CodeIgniter->handleRequest(null, Object(Config\Cache), false)
 4 FCPATH\index.php(67): CodeIgniter\CodeIgniter->run()
CRITICAL - 2023-07-10 02:25:10 --> Class 'App\Models\CategoryModel' not found
in APPPATH\Controllers\Admin\CategoryController.php on line 12.
 1 SYSTEMPATH\CodeIgniter.php(906): App\Controllers\Admin\CategoryController->__construct()
 2 SYSTEMPATH\CodeIgniter.php(490): CodeIgniter\CodeIgniter->createController()
 3 SYSTEMPATH\CodeIgniter.php(368): CodeIgniter\CodeIgniter->handleRequest(null, Object(Config\Cache), false)
 4 FCPATH\index.php(67): CodeIgniter\CodeIgniter->run()
INFO - 2023-07-10 02:26:03 --> Session: Class initialized using 'CodeIgniter\Session\Handlers\FileHandler' driver.
INFO - 2023-07-10 02:26:14 --> Session: Class initialized using 'CodeIgniter\Session\Handlers\FileHandler' driver.
INFO - 2023-07-10 02:27:39 --> Session: Class initialized using 'CodeIgniter\Session\Handlers\FileHandler' driver.
INFO - 2023-07-10 02:29:24 --> Session: Class initialized using 'CodeIgniter\Session\Handlers\FileHandler' driver.
INFO - 2023-07-10 02:29:44 --> Session: Class initialized using 'CodeIgniter\Session\Handlers\FileHandler' driver.
INFO - 2023-07-10 02:46:11 --> Session: Class initialized using 'CodeIgniter\Session\Handlers\FileHandler' driver.
CRITICAL - 2023-07-10 02:46:11 --> Object of class CodeIgniter\Pager\Pager could not be converted to string
in APPPATH\Views\admin\category\index.php on line 89.
 1 SYSTEMPATH\View\View.php(213): include()
 2 SYSTEMPATH\View\View.php(216): CodeIgniter\View\View->CodeIgniter\View\{closure}()
 3 SYSTEMPATH\Common.php(1184): CodeIgniter\View\View->render('admin/category/index', [], true)
 4 APPPATH\Controllers\Admin\CategoryController.php(23): view('admin/category/index', [...])
 5 SYSTEMPATH\CodeIgniter.php(934): App\Controllers\Admin\CategoryController->index()
 6 SYSTEMPATH\CodeIgniter.php(499): CodeIgniter\CodeIgniter->runController(Object(App\Controllers\Admin\CategoryController))
 7 SYSTEMPATH\CodeIgniter.php(368): CodeIgniter\CodeIgniter->handleRequest(null, Object(Config\Cache), false)
 8 FCPATH\index.php(67): CodeIgniter\CodeIgniter->run()
INFO - 2023-07-10 02:46:28 --> Session: Class initialized using 'CodeIgniter\Session\Handlers\FileHandler' driver.
INFO - 2023-07-10 02:48:14 --> Session: Class initialized using 'CodeIgniter\Session\Handlers\FileHandler' driver.
INFO - 2023-07-10 02:57:53 --> Session: Class initialized using 'CodeIgniter\Session\Handlers\FileHandler' driver.
CRITICAL - 2023-07-10 02:57:53 --> Call to undefined method CodeIgniter\Pager\Pager::hasPrevious()
in APPPATH\Views\admin\category\index.php on line 90.
 1 SYSTEMPATH\View\View.php(213): include()
 2 SYSTEMPATH\View\View.php(216): CodeIgniter\View\View->CodeIgniter\View\{closure}()
 3 SYSTEMPATH\Common.php(1184): CodeIgniter\View\View->render('admin/category/index', [], true)
 4 APPPATH\Controllers\Admin\CategoryController.php(23): view('admin/category/index', [...])
 5 SYSTEMPATH\CodeIgniter.php(934): App\Controllers\Admin\CategoryController->index()
 6 SYSTEMPATH\CodeIgniter.php(499): CodeIgniter\CodeIgniter->runController(Object(App\Controllers\Admin\CategoryController))
 7 SYSTEMPATH\CodeIgniter.php(368): CodeIgniter\CodeIgniter->handleRequest(null, Object(Config\Cache), false)
 8 FCPATH\index.php(67): CodeIgniter\CodeIgniter->run()
INFO - 2023-07-10 02:58:57 --> Session: Class initialized using 'CodeIgniter\Session\Handlers\FileHandler' driver.
CRITICAL - 2023-07-10 02:58:57 --> Call to undefined method CodeIgniter\Pager\Pager::hasPrevious()
in APPPATH\Views\admin\category\index.php on line 90.
 1 SYSTEMPATH\View\View.php(213): include()
 2 SYSTEMPATH\View\View.php(216): CodeIgniter\View\View->CodeIgniter\View\{closure}()
 3 SYSTEMPATH\Common.php(1184): CodeIgniter\View\View->render('admin/category/index', [], true)
 4 APPPATH\Controllers\Admin\CategoryController.php(23): view('admin/category/index', [...])
 5 SYSTEMPATH\CodeIgniter.php(934): App\Controllers\Admin\CategoryController->index()
 6 SYSTEMPATH\CodeIgniter.php(499): CodeIgniter\CodeIgniter->runController(Object(App\Controllers\Admin\CategoryController))
 7 SYSTEMPATH\CodeIgniter.php(368): CodeIgniter\CodeIgniter->handleRequest(null, Object(Config\Cache), false)
 8 FCPATH\index.php(67): CodeIgniter\CodeIgniter->run()
INFO - 2023-07-10 03:02:01 --> Session: Class initialized using 'CodeIgniter\Session\Handlers\FileHandler' driver.
CRITICAL - 2023-07-10 03:02:01 --> Call to undefined method CodeIgniter\Pager\Pager::hasPrevious()
in APPPATH\Views\admin\category\index.php on line 90.
 1 SYSTEMPATH\View\View.php(213): include()
 2 SYSTEMPATH\View\View.php(216): CodeIgniter\View\View->CodeIgniter\View\{closure}()
 3 SYSTEMPATH\Common.php(1184): CodeIgniter\View\View->render('admin/category/index', [], true)
 4 APPPATH\Controllers\Admin\CategoryController.php(23): view('admin/category/index', [...])
 5 SYSTEMPATH\CodeIgniter.php(934): App\Controllers\Admin\CategoryController->index()
 6 SYSTEMPATH\CodeIgniter.php(499): CodeIgniter\CodeIgniter->runController(Object(App\Controllers\Admin\CategoryController))
 7 SYSTEMPATH\CodeIgniter.php(368): CodeIgniter\CodeIgniter->handleRequest(null, Object(Config\Cache), false)
 8 FCPATH\index.php(67): CodeIgniter\CodeIgniter->run()
INFO - 2023-07-10 03:05:11 --> Session: Class initialized using 'CodeIgniter\Session\Handlers\FileHandler' driver.
CRITICAL - 2023-07-10 03:05:11 --> Invalid argument supplied for foreach()
in APPPATH\Views\admin\category\index.php on line 91.
 1 APPPATH\Views\admin\category\index.php(91): CodeIgniter\Debug\Exceptions->errorHandler(2, 'Invalid argument supplied for foreach()', 'C:\\laragon\\www\\webdesa\\app\\Views\\admin\\category\\index.php', 91, [...])
 2 SYSTEMPATH\View\View.php(213): include('C:\\laragon\\www\\webdesa\\app\\Views\\admin\\category\\index.php')
 3 SYSTEMPATH\View\View.php(216): CodeIgniter\View\View->CodeIgniter\View\{closure}()
 4 SYSTEMPATH\Common.php(1184): CodeIgniter\View\View->render('admin/category/index', [], true)
 5 APPPATH\Controllers\Admin\CategoryController.php(23): view('admin/category/index', [...])
 6 SYSTEMPATH\CodeIgniter.php(934): App\Controllers\Admin\CategoryController->index()
 7 SYSTEMPATH\CodeIgniter.php(499): CodeIgniter\CodeIgniter->runController(Object(App\Controllers\Admin\CategoryController))
 8 SYSTEMPATH\CodeIgniter.php(368): CodeIgniter\CodeIgniter->handleRequest(null, Object(Config\Cache), false)
 9 FCPATH\index.php(67): CodeIgniter\CodeIgniter->run()
INFO - 2023-07-10 03:05:46 --> Session: Class initialized using 'CodeIgniter\Session\Handlers\FileHandler' driver.
INFO - 2023-07-10 03:06:15 --> Session: Class initialized using 'CodeIgniter\Session\Handlers\FileHandler' driver.
CRITICAL - 2023-07-10 03:06:15 --> Undefined property: CodeIgniter\Pager\Pager::$pager
in APPPATH\Views\admin\category\index.php on line 91.
 1 APPPATH\Views\admin\category\index.php(91): CodeIgniter\Debug\Exceptions->errorHandler(8, 'Undefined property: CodeIgniter\\Pager\\Pager::$pager', 'C:\\laragon\\www\\webdesa\\app\\Views\\admin\\category\\index.php', 91, [...])
 2 SYSTEMPATH\View\View.php(213): include('C:\\laragon\\www\\webdesa\\app\\Views\\admin\\category\\index.php')
 3 SYSTEMPATH\View\View.php(216): CodeIgniter\View\View->CodeIgniter\View\{closure}()
 4 SYSTEMPATH\Common.php(1184): CodeIgniter\View\View->render('admin/category/index', [], true)
 5 APPPATH\Controllers\Admin\CategoryController.php(23): view('admin/category/index', [...])
 6 SYSTEMPATH\CodeIgniter.php(934): App\Controllers\Admin\CategoryController->index()
 7 SYSTEMPATH\CodeIgniter.php(499): CodeIgniter\CodeIgniter->runController(Object(App\Controllers\Admin\CategoryController))
 8 SYSTEMPATH\CodeIgniter.php(368): CodeIgniter\CodeIgniter->handleRequest(null, Object(Config\Cache), false)
 9 FCPATH\index.php(67): CodeIgniter\CodeIgniter->run()
INFO - 2023-07-10 03:06:46 --> Session: Class initialized using 'CodeIgniter\Session\Handlers\FileHandler' driver.
CRITICAL - 2023-07-10 03:06:57 --> syntax error, unexpected '?>', expecting ')'
in APPPATH\Views\admin\category\index.php on line 90.
 1 SYSTEMPATH\View\View.php(216): CodeIgniter\View\View->CodeIgniter\View\{closure}()
 2 SYSTEMPATH\Common.php(1184): CodeIgniter\View\View->render('admin/category/index', [], true)
 3 APPPATH\Controllers\Admin\CategoryController.php(23): view('admin/category/index', [...])
 4 SYSTEMPATH\CodeIgniter.php(934): App\Controllers\Admin\CategoryController->index()
 5 SYSTEMPATH\CodeIgniter.php(499): CodeIgniter\CodeIgniter->runController(Object(App\Controllers\Admin\CategoryController))
 6 SYSTEMPATH\CodeIgniter.php(368): CodeIgniter\CodeIgniter->handleRequest(null, Object(Config\Cache), false)
 7 FCPATH\index.php(67): CodeIgniter\CodeIgniter->run()
INFO - 2023-07-10 03:07:04 --> Session: Class initialized using 'CodeIgniter\Session\Handlers\FileHandler' driver.
CRITICAL - 2023-07-10 03:07:04 --> Undefined property: CodeIgniter\Pager\Pager::$links
in APPPATH\Views\admin\category\index.php on line 90.
 1 APPPATH\Views\admin\category\index.php(90): CodeIgniter\Debug\Exceptions->errorHandler(8, 'Undefined property: CodeIgniter\\Pager\\Pager::$links', 'C:\\laragon\\www\\webdesa\\app\\Views\\admin\\category\\index.php', 90, [...])
 2 SYSTEMPATH\View\View.php(213): include('C:\\laragon\\www\\webdesa\\app\\Views\\admin\\category\\index.php')
 3 SYSTEMPATH\View\View.php(216): CodeIgniter\View\View->CodeIgniter\View\{closure}()
 4 SYSTEMPATH\Common.php(1184): CodeIgniter\View\View->render('admin/category/index', [], true)
 5 APPPATH\Controllers\Admin\CategoryController.php(23): view('admin/category/index', [...])
 6 SYSTEMPATH\CodeIgniter.php(934): App\Controllers\Admin\CategoryController->index()
 7 SYSTEMPATH\CodeIgniter.php(499): CodeIgniter\CodeIgniter->runController(Object(App\Controllers\Admin\CategoryController))
 8 SYSTEMPATH\CodeIgniter.php(368): CodeIgniter\CodeIgniter->handleRequest(null, Object(Config\Cache), false)
 9 FCPATH\index.php(67): CodeIgniter\CodeIgniter->run()
INFO - 2023-07-10 03:07:11 --> Session: Class initialized using 'CodeIgniter\Session\Handlers\FileHandler' driver.
INFO - 2023-07-10 03:09:33 --> Session: Class initialized using 'CodeIgniter\Session\Handlers\FileHandler' driver.
INFO - 2023-07-10 03:09:35 --> Session: Class initialized using 'CodeIgniter\Session\Handlers\FileHandler' driver.
INFO - 2023-07-10 03:09:58 --> Session: Class initialized using 'CodeIgniter\Session\Handlers\FileHandler' driver.
CRITICAL - 2023-07-10 03:09:58 --> Call to undefined method CodeIgniter\Pager\Pager::hasPrevious()
in APPPATH\Views\admin\category\index.php on line 90.
 1 SYSTEMPATH\View\View.php(213): include()
 2 SYSTEMPATH\View\View.php(216): CodeIgniter\View\View->CodeIgniter\View\{closure}()
 3 SYSTEMPATH\Common.php(1184): CodeIgniter\View\View->render('admin/category/index', [], true)
 4 APPPATH\Controllers\Admin\CategoryController.php(23): view('admin/category/index', [...])
 5 SYSTEMPATH\CodeIgniter.php(934): App\Controllers\Admin\CategoryController->index()
 6 SYSTEMPATH\CodeIgniter.php(499): CodeIgniter\CodeIgniter->runController(Object(App\Controllers\Admin\CategoryController))
 7 SYSTEMPATH\CodeIgniter.php(368): CodeIgniter\CodeIgniter->handleRequest(null, Object(Config\Cache), false)
 8 FCPATH\index.php(67): CodeIgniter\CodeIgniter->run()
INFO - 2023-07-10 03:14:46 --> Session: Class initialized using 'CodeIgniter\Session\Handlers\FileHandler' driver.
CRITICAL - 2023-07-10 03:14:46 --> Call to undefined method CodeIgniter\Pager\Pager::hasPrevious()
in APPPATH\Views\admin\category\index.php on line 90.
 1 SYSTEMPATH\View\View.php(213): include()
 2 SYSTEMPATH\View\View.php(216): CodeIgniter\View\View->CodeIgniter\View\{closure}()
 3 SYSTEMPATH\Common.php(1184): CodeIgniter\View\View->render('admin/category/index', [], true)
 4 APPPATH\Controllers\Admin\CategoryController.php(23): view('admin/category/index', [...])
 5 SYSTEMPATH\CodeIgniter.php(934): App\Controllers\Admin\CategoryController->index()
 6 SYSTEMPATH\CodeIgniter.php(499): CodeIgniter\CodeIgniter->runController(Object(App\Controllers\Admin\CategoryController))
 7 SYSTEMPATH\CodeIgniter.php(368): CodeIgniter\CodeIgniter->handleRequest(null, Object(Config\Cache), false)
 8 FCPATH\index.php(67): CodeIgniter\CodeIgniter->run()
INFO - 2023-07-10 03:14:47 --> Session: Class initialized using 'CodeIgniter\Session\Handlers\FileHandler' driver.
CRITICAL - 2023-07-10 03:14:47 --> Call to undefined method CodeIgniter\Pager\Pager::hasPrevious()
in APPPATH\Views\admin\category\index.php on line 90.
 1 SYSTEMPATH\View\View.php(213): include()
 2 SYSTEMPATH\View\View.php(216): CodeIgniter\View\View->CodeIgniter\View\{closure}()
 3 SYSTEMPATH\Common.php(1184): CodeIgniter\View\View->render('admin/category/index', [], true)
 4 APPPATH\Controllers\Admin\CategoryController.php(23): view('admin/category/index', [...])
 5 SYSTEMPATH\CodeIgniter.php(934): App\Controllers\Admin\CategoryController->index()
 6 SYSTEMPATH\CodeIgniter.php(499): CodeIgniter\CodeIgniter->runController(Object(App\Controllers\Admin\CategoryController))
 7 SYSTEMPATH\CodeIgniter.php(368): CodeIgniter\CodeIgniter->handleRequest(null, Object(Config\Cache), false)
 8 FCPATH\index.php(67): CodeIgniter\CodeIgniter->run()
INFO - 2023-07-10 03:14:47 --> Session: Class initialized using 'CodeIgniter\Session\Handlers\FileHandler' driver.
CRITICAL - 2023-07-10 03:14:47 --> Call to undefined method CodeIgniter\Pager\Pager::hasPrevious()
in APPPATH\Views\admin\category\index.php on line 90.
 1 SYSTEMPATH\View\View.php(213): include()
 2 SYSTEMPATH\View\View.php(216): CodeIgniter\View\View->CodeIgniter\View\{closure}()
 3 SYSTEMPATH\Common.php(1184): CodeIgniter\View\View->render('admin/category/index', [], true)
 4 APPPATH\Controllers\Admin\CategoryController.php(23): view('admin/category/index', [...])
 5 SYSTEMPATH\CodeIgniter.php(934): App\Controllers\Admin\CategoryController->index()
 6 SYSTEMPATH\CodeIgniter.php(499): CodeIgniter\CodeIgniter->runController(Object(App\Controllers\Admin\CategoryController))
 7 SYSTEMPATH\CodeIgniter.php(368): CodeIgniter\CodeIgniter->handleRequest(null, Object(Config\Cache), false)
 8 FCPATH\index.php(67): CodeIgniter\CodeIgniter->run()
INFO - 2023-07-10 03:14:55 --> Session: Class initialized using 'CodeIgniter\Session\Handlers\FileHandler' driver.
INFO - 2023-07-10 03:17:56 --> Session: Class initialized using 'CodeIgniter\Session\Handlers\FileHandler' driver.
CRITICAL - 2023-07-10 03:17:56 --> Undefined variable: pager
in APPPATH\Views\admin\category\index.php on line 89.
 1 APPPATH\Views\admin\category\index.php(89): CodeIgniter\Debug\Exceptions->errorHandler(8, 'Undefined variable: pager', 'C:\\laragon\\www\\webdesa\\app\\Views\\admin\\category\\index.php', 89, [...])
 2 SYSTEMPATH\View\View.php(213): include('C:\\laragon\\www\\webdesa\\app\\Views\\admin\\category\\index.php')
 3 SYSTEMPATH\View\View.php(216): CodeIgniter\View\View->CodeIgniter\View\{closure}()
 4 SYSTEMPATH\Common.php(1184): CodeIgniter\View\View->render('admin/category/index', [], true)
 5 APPPATH\Controllers\Admin\CategoryController.php(23): view('admin/category/index', [...])
 6 SYSTEMPATH\CodeIgniter.php(934): App\Controllers\Admin\CategoryController->index()
 7 SYSTEMPATH\CodeIgniter.php(499): CodeIgniter\CodeIgniter->runController(Object(App\Controllers\Admin\CategoryController))
 8 SYSTEMPATH\CodeIgniter.php(368): CodeIgniter\CodeIgniter->handleRequest(null, Object(Config\Cache), false)
 9 FCPATH\index.php(67): CodeIgniter\CodeIgniter->run()
INFO - 2023-07-10 03:18:11 --> Session: Class initialized using 'CodeIgniter\Session\Handlers\FileHandler' driver.
INFO - 2023-07-10 03:19:15 --> Session: Class initialized using 'CodeIgniter\Session\Handlers\FileHandler' driver.
INFO - 2023-07-10 03:21:36 --> Session: Class initialized using 'CodeIgniter\Session\Handlers\FileHandler' driver.
CRITICAL - 2023-07-10 03:21:36 --> Object of class CodeIgniter\Pager\PagerRenderer could not be converted to string
in APPPATH\Views\pagers\tabler_template.php on line 1.
 1 SYSTEMPATH\View\View.php(213): include()
 2 SYSTEMPATH\View\View.php(216): CodeIgniter\View\View->CodeIgniter\View\{closure}()
 3 SYSTEMPATH\Pager\Pager.php(126): CodeIgniter\View\View->render('App\\Views\\Pagers\\tabler_template', null, false)
 4 SYSTEMPATH\Pager\Pager.php(83): CodeIgniter\Pager\Pager->displayLinks('lcategory', 'tabler_template')
 5 APPPATH\Views\admin\category\index.php(89): CodeIgniter\Pager\Pager->links('lcategory', 'tabler_template')
 6 SYSTEMPATH\View\View.php(213): include('C:\\laragon\\www\\webdesa\\app\\Views\\admin\\category\\index.php')
 7 SYSTEMPATH\View\View.php(216): CodeIgniter\View\View->CodeIgniter\View\{closure}()
 8 SYSTEMPATH\Common.php(1184): CodeIgniter\View\View->render('admin/category/index', [], true)
 9 APPPATH\Controllers\Admin\CategoryController.php(23): view('admin/category/index', [...])
10 SYSTEMPATH\CodeIgniter.php(934): App\Controllers\Admin\CategoryController->index()
11 SYSTEMPATH\CodeIgniter.php(499): CodeIgniter\CodeIgniter->runController(Object(App\Controllers\Admin\CategoryController))
12 SYSTEMPATH\CodeIgniter.php(368): CodeIgniter\CodeIgniter->handleRequest(null, Object(Config\Cache), false)
13 FCPATH\index.php(67): CodeIgniter\CodeIgniter->run()
INFO - 2023-07-10 03:21:54 --> Session: Class initialized using 'CodeIgniter\Session\Handlers\FileHandler' driver.
CRITICAL - 2023-07-10 03:21:54 --> Object of class CodeIgniter\Pager\PagerRenderer could not be converted to string
in APPPATH\Views\pagers\tabler_template.php on line 1.
 1 SYSTEMPATH\View\View.php(213): include()
 2 SYSTEMPATH\View\View.php(216): CodeIgniter\View\View->CodeIgniter\View\{closure}()
 3 SYSTEMPATH\Pager\Pager.php(126): CodeIgniter\View\View->render('App\\Views\\Pagers\\tabler_template', null, false)
 4 SYSTEMPATH\Pager\Pager.php(83): CodeIgniter\Pager\Pager->displayLinks('lcategory', 'tabler_template')
 5 APPPATH\Views\admin\category\index.php(89): CodeIgniter\Pager\Pager->links('lcategory', 'tabler_template')
 6 SYSTEMPATH\View\View.php(213): include('C:\\laragon\\www\\webdesa\\app\\Views\\admin\\category\\index.php')
 7 SYSTEMPATH\View\View.php(216): CodeIgniter\View\View->CodeIgniter\View\{closure}()
 8 SYSTEMPATH\Common.php(1184): CodeIgniter\View\View->render('admin/category/index', [], true)
 9 APPPATH\Controllers\Admin\CategoryController.php(23): view('admin/category/index', [...])
10 SYSTEMPATH\CodeIgniter.php(934): App\Controllers\Admin\CategoryController->index()
11 SYSTEMPATH\CodeIgniter.php(499): CodeIgniter\CodeIgniter->runController(Object(App\Controllers\Admin\CategoryController))
12 SYSTEMPATH\CodeIgniter.php(368): CodeIgniter\CodeIgniter->handleRequest(null, Object(Config\Cache), false)
13 FCPATH\index.php(67): CodeIgniter\CodeIgniter->run()
INFO - 2023-07-10 03:21:58 --> Session: Class initialized using 'CodeIgniter\Session\Handlers\FileHandler' driver.
CRITICAL - 2023-07-10 03:21:58 --> Object of class CodeIgniter\Pager\PagerRenderer could not be converted to string
in APPPATH\Views\pagers\tabler_template.php on line 1.
 1 SYSTEMPATH\View\View.php(213): include()
 2 SYSTEMPATH\View\View.php(216): CodeIgniter\View\View->CodeIgniter\View\{closure}()
 3 SYSTEMPATH\Pager\Pager.php(126): CodeIgniter\View\View->render('App\\Views\\Pagers\\tabler_template', null, false)
 4 SYSTEMPATH\Pager\Pager.php(83): CodeIgniter\Pager\Pager->displayLinks('lcategory', 'tabler_template')
 5 APPPATH\Views\admin\category\index.php(89): CodeIgniter\Pager\Pager->links('lcategory', 'tabler_template')
 6 SYSTEMPATH\View\View.php(213): include('C:\\laragon\\www\\webdesa\\app\\Views\\admin\\category\\index.php')
 7 SYSTEMPATH\View\View.php(216): CodeIgniter\View\View->CodeIgniter\View\{closure}()
 8 SYSTEMPATH\Common.php(1184): CodeIgniter\View\View->render('admin/category/index', [], true)
 9 APPPATH\Controllers\Admin\CategoryController.php(23): view('admin/category/index', [...])
10 SYSTEMPATH\CodeIgniter.php(934): App\Controllers\Admin\CategoryController->index()
11 SYSTEMPATH\CodeIgniter.php(499): CodeIgniter\CodeIgniter->runController(Object(App\Controllers\Admin\CategoryController))
12 SYSTEMPATH\CodeIgniter.php(368): CodeIgniter\CodeIgniter->handleRequest(null, Object(Config\Cache), false)
13 FCPATH\index.php(67): CodeIgniter\CodeIgniter->run()
INFO - 2023-07-10 03:22:27 --> Session: Class initialized using 'CodeIgniter\Session\Handlers\FileHandler' driver.
INFO - 2023-07-10 03:22:43 --> Session: Class initialized using 'CodeIgniter\Session\Handlers\FileHandler' driver.
INFO - 2023-07-10 03:23:55 --> Session: Class initialized using 'CodeIgniter\Session\Handlers\FileHandler' driver.
CRITICAL - 2023-07-10 03:23:55 --> Cannot access protected property CodeIgniter\Pager\PagerRenderer::$total
in APPPATH\Views\pagers\tabler_template.php on line 1.
 1 SYSTEMPATH\View\View.php(213): include()
 2 SYSTEMPATH\View\View.php(216): CodeIgniter\View\View->CodeIgniter\View\{closure}()
 3 SYSTEMPATH\Pager\Pager.php(126): CodeIgniter\View\View->render('App\\Views\\Pagers\\tabler_template', null, false)
 4 SYSTEMPATH\Pager\Pager.php(83): CodeIgniter\Pager\Pager->displayLinks('lcategory', 'tabler_template')
 5 APPPATH\Views\admin\category\index.php(89): CodeIgniter\Pager\Pager->links('lcategory', 'tabler_template')
 6 SYSTEMPATH\View\View.php(213): include('C:\\laragon\\www\\webdesa\\app\\Views\\admin\\category\\index.php')
 7 SYSTEMPATH\View\View.php(216): CodeIgniter\View\View->CodeIgniter\View\{closure}()
 8 SYSTEMPATH\Common.php(1184): CodeIgniter\View\View->render('admin/category/index', [], true)
 9 APPPATH\Controllers\Admin\CategoryController.php(23): view('admin/category/index', [...])
10 SYSTEMPATH\CodeIgniter.php(934): App\Controllers\Admin\CategoryController->index()
11 SYSTEMPATH\CodeIgniter.php(499): CodeIgniter\CodeIgniter->runController(Object(App\Controllers\Admin\CategoryController))
12 SYSTEMPATH\CodeIgniter.php(368): CodeIgniter\CodeIgniter->handleRequest(null, Object(Config\Cache), false)
13 FCPATH\index.php(67): CodeIgniter\CodeIgniter->run()
INFO - 2023-07-10 03:24:08 --> Session: Class initialized using 'CodeIgniter\Session\Handlers\FileHandler' driver.
INFO - 2023-07-10 03:24:24 --> Session: Class initialized using 'CodeIgniter\Session\Handlers\FileHandler' driver.
INFO - 2023-07-10 03:24:43 --> Session: Class initialized using 'CodeIgniter\Session\Handlers\FileHandler' driver.
CRITICAL - 2023-07-10 03:24:43 --> Cannot access protected property CodeIgniter\Pager\PagerRenderer::$total
in APPPATH\Views\pagers\tabler_template.php on line 1.
 1 SYSTEMPATH\View\View.php(213): include()
 2 SYSTEMPATH\View\View.php(216): CodeIgniter\View\View->CodeIgniter\View\{closure}()
 3 SYSTEMPATH\Pager\Pager.php(126): CodeIgniter\View\View->render('App\\Views\\Pagers\\tabler_template', null, false)
 4 SYSTEMPATH\Pager\Pager.php(83): CodeIgniter\Pager\Pager->displayLinks('lcategory', 'tabler_template')
 5 APPPATH\Views\admin\category\index.php(89): CodeIgniter\Pager\Pager->links('lcategory', 'tabler_template')
 6 SYSTEMPATH\View\View.php(213): include('C:\\laragon\\www\\webdesa\\app\\Views\\admin\\category\\index.php')
 7 SYSTEMPATH\View\View.php(216): CodeIgniter\View\View->CodeIgniter\View\{closure}()
 8 SYSTEMPATH\Common.php(1184): CodeIgniter\View\View->render('admin/category/index', [], true)
 9 APPPATH\Controllers\Admin\CategoryController.php(23): view('admin/category/index', [...])
10 SYSTEMPATH\CodeIgniter.php(934): App\Controllers\Admin\CategoryController->index()
11 SYSTEMPATH\CodeIgniter.php(499): CodeIgniter\CodeIgniter->runController(Object(App\Controllers\Admin\CategoryController))
12 SYSTEMPATH\CodeIgniter.php(368): CodeIgniter\CodeIgniter->handleRequest(null, Object(Config\Cache), false)
13 FCPATH\index.php(67): CodeIgniter\CodeIgniter->run()
INFO - 2023-07-10 03:24:54 --> Session: Class initialized using 'CodeIgniter\Session\Handlers\FileHandler' driver.
CRITICAL - 2023-07-10 03:24:54 --> Cannot access protected property CodeIgniter\Pager\PagerRenderer::$total
in APPPATH\Views\pagers\tabler_template.php on line 1.
 1 SYSTEMPATH\View\View.php(213): include()
 2 SYSTEMPATH\View\View.php(216): CodeIgniter\View\View->CodeIgniter\View\{closure}()
 3 SYSTEMPATH\Pager\Pager.php(126): CodeIgniter\View\View->render('App\\Views\\Pagers\\tabler_template', null, false)
 4 SYSTEMPATH\Pager\Pager.php(83): CodeIgniter\Pager\Pager->displayLinks('lcategory', 'tabler_template')
 5 APPPATH\Views\admin\category\index.php(89): CodeIgniter\Pager\Pager->links('lcategory', 'tabler_template')
 6 SYSTEMPATH\View\View.php(213): include('C:\\laragon\\www\\webdesa\\app\\Views\\admin\\category\\index.php')
 7 SYSTEMPATH\View\View.php(216): CodeIgniter\View\View->CodeIgniter\View\{closure}()
 8 SYSTEMPATH\Common.php(1184): CodeIgniter\View\View->render('admin/category/index', [], true)
 9 APPPATH\Controllers\Admin\CategoryController.php(23): view('admin/category/index', [...])
10 SYSTEMPATH\CodeIgniter.php(934): App\Controllers\Admin\CategoryController->index()
11 SYSTEMPATH\CodeIgniter.php(499): CodeIgniter\CodeIgniter->runController(Object(App\Controllers\Admin\CategoryController))
12 SYSTEMPATH\CodeIgniter.php(368): CodeIgniter\CodeIgniter->handleRequest(null, Object(Config\Cache), false)
13 FCPATH\index.php(67): CodeIgniter\CodeIgniter->run()
INFO - 2023-07-10 03:24:57 --> Session: Class initialized using 'CodeIgniter\Session\Handlers\FileHandler' driver.
INFO - 2023-07-10 03:26:44 --> Session: Class initialized using 'CodeIgniter\Session\Handlers\FileHandler' driver.
INFO - 2023-07-10 03:28:24 --> Session: Class initialized using 'CodeIgniter\Session\Handlers\FileHandler' driver.
INFO - 2023-07-10 03:33:36 --> Session: Class initialized using 'CodeIgniter\Session\Handlers\FileHandler' driver.
INFO - 2023-07-10 03:36:23 --> Session: Class initialized using 'CodeIgniter\Session\Handlers\FileHandler' driver.
INFO - 2023-07-10 06:14:26 --> Session: Class initialized using 'CodeIgniter\Session\Handlers\FileHandler' driver.
INFO - 2023-07-10 06:14:30 --> Session: Class initialized using 'CodeIgniter\Session\Handlers\FileHandler' driver.
INFO - 2023-07-10 06:14:34 --> Session: Class initialized using 'CodeIgniter\Session\Handlers\FileHandler' driver.
INFO - 2023-07-10 06:28:09 --> Session: Class initialized using 'CodeIgniter\Session\Handlers\FileHandler' driver.
CRITICAL - 2023-07-10 06:28:09 --> Use of undefined constant base_url - assumed 'base_url' (this will throw an Error in a future version of PHP)
in APPPATH\Views\admin\category\index.php on line 99.
 1 APPPATH\Views\admin\category\index.php(99): CodeIgniter\Debug\Exceptions->errorHandler(2, 'Use of undefined constant base_url - assumed \'base_url\' (this will throw an Error in a future version of PHP)', 'C:\\laragon\\www\\webdesa\\app\\Views\\admin\\category\\index.php', 99, [...])
 2 SYSTEMPATH\View\View.php(213): include('C:\\laragon\\www\\webdesa\\app\\Views\\admin\\category\\index.php')
 3 SYSTEMPATH\View\View.php(216): CodeIgniter\View\View->CodeIgniter\View\{closure}()
 4 SYSTEMPATH\Common.php(1184): CodeIgniter\View\View->render('admin/category/index', [], true)
 5 APPPATH\Controllers\Admin\CategoryController.php(23): view('admin/category/index', [...])
 6 SYSTEMPATH\CodeIgniter.php(934): App\Controllers\Admin\CategoryController->index()
 7 SYSTEMPATH\CodeIgniter.php(499): CodeIgniter\CodeIgniter->runController(Object(App\Controllers\Admin\CategoryController))
 8 SYSTEMPATH\CodeIgniter.php(368): CodeIgniter\CodeIgniter->handleRequest(null, Object(Config\Cache), false)
 9 FCPATH\index.php(67): CodeIgniter\CodeIgniter->run()
INFO - 2023-07-10 06:28:23 --> Session: Class initialized using 'CodeIgniter\Session\Handlers\FileHandler' driver.
CRITICAL - 2023-07-10 06:28:23 --> Use of undefined constant base_url - assumed 'base_url' (this will throw an Error in a future version of PHP)
in APPPATH\Views\admin\category\index.php on line 99.
 1 APPPATH\Views\admin\category\index.php(99): CodeIgniter\Debug\Exceptions->errorHandler(2, 'Use of undefined constant base_url - assumed \'base_url\' (this will throw an Error in a future version of PHP)', 'C:\\laragon\\www\\webdesa\\app\\Views\\admin\\category\\index.php', 99, [...])
 2 SYSTEMPATH\View\View.php(213): include('C:\\laragon\\www\\webdesa\\app\\Views\\admin\\category\\index.php')
 3 SYSTEMPATH\View\View.php(216): CodeIgniter\View\View->CodeIgniter\View\{closure}()
 4 SYSTEMPATH\Common.php(1184): CodeIgniter\View\View->render('admin/category/index', [], true)
 5 APPPATH\Controllers\Admin\CategoryController.php(23): view('admin/category/index', [...])
 6 SYSTEMPATH\CodeIgniter.php(934): App\Controllers\Admin\CategoryController->index()
 7 SYSTEMPATH\CodeIgniter.php(499): CodeIgniter\CodeIgniter->runController(Object(App\Controllers\Admin\CategoryController))
 8 SYSTEMPATH\CodeIgniter.php(368): CodeIgniter\CodeIgniter->handleRequest(null, Object(Config\Cache), false)
 9 FCPATH\index.php(67): CodeIgniter\CodeIgniter->run()
INFO - 2023-07-10 06:28:35 --> Session: Class initialized using 'CodeIgniter\Session\Handlers\FileHandler' driver.
INFO - 2023-07-10 06:29:10 --> Session: Class initialized using 'CodeIgniter\Session\Handlers\FileHandler' driver.
INFO - 2023-07-10 06:29:32 --> Session: Class initialized using 'CodeIgniter\Session\Handlers\FileHandler' driver.
INFO - 2023-07-10 06:29:39 --> Session: Class initialized using 'CodeIgniter\Session\Handlers\FileHandler' driver.
INFO - 2023-07-10 06:31:27 --> Session: Class initialized using 'CodeIgniter\Session\Handlers\FileHandler' driver.
INFO - 2023-07-10 06:31:28 --> Session: Class initialized using 'CodeIgniter\Session\Handlers\FileHandler' driver.
INFO - 2023-07-10 06:31:50 --> Session: Class initialized using 'CodeIgniter\Session\Handlers\FileHandler' driver.
INFO - 2023-07-10 06:31:50 --> Session: Class initialized using 'CodeIgniter\Session\Handlers\FileHandler' driver.
INFO - 2023-07-10 06:32:08 --> Session: Class initialized using 'CodeIgniter\Session\Handlers\FileHandler' driver.
INFO - 2023-07-10 06:32:09 --> Session: Class initialized using 'CodeIgniter\Session\Handlers\FileHandler' driver.
INFO - 2023-07-10 06:32:11 --> Session: Class initialized using 'CodeIgniter\Session\Handlers\FileHandler' driver.
INFO - 2023-07-10 06:32:12 --> Session: Class initialized using 'CodeIgniter\Session\Handlers\FileHandler' driver.
INFO - 2023-07-10 06:36:37 --> Session: Class initialized using 'CodeIgniter\Session\Handlers\FileHandler' driver.
INFO - 2023-07-10 06:36:37 --> Session: Class initialized using 'CodeIgniter\Session\Handlers\FileHandler' driver.
INFO - 2023-07-10 06:38:37 --> Session: Class initialized using 'CodeIgniter\Session\Handlers\FileHandler' driver.
CRITICAL - 2023-07-10 06:38:37 --> Object of class CodeIgniter\HTTP\Response could not be converted to string
in APPPATH\Controllers\Admin\CategoryController.php on line 31.
 1 SYSTEMPATH\CodeIgniter.php(934): App\Controllers\Admin\CategoryController->load()
 2 SYSTEMPATH\CodeIgniter.php(499): CodeIgniter\CodeIgniter->runController(Object(App\Controllers\Admin\CategoryController))
 3 SYSTEMPATH\CodeIgniter.php(368): CodeIgniter\CodeIgniter->handleRequest(null, Object(Config\Cache), false)
 4 FCPATH\index.php(67): CodeIgniter\CodeIgniter->run()
INFO - 2023-07-10 06:39:33 --> Session: Class initialized using 'CodeIgniter\Session\Handlers\FileHandler' driver.
CRITICAL - 2023-07-10 06:42:05 --> syntax error, unexpected '}'
in APPPATH\Controllers\Admin\CategoryController.php on line 39.
 1 SYSTEMPATH\Autoloader\Autoloader.php(289): CodeIgniter\Autoloader\Autoloader->includeFile('C:\\laragon\\www\\webdesa\\app\\Controllers\\Admin\\CategoryController.php')
 2 SYSTEMPATH\Autoloader\Autoloader.php(267): CodeIgniter\Autoloader\Autoloader->loadInNamespace('App\\Controllers\\Admin\\CategoryController')
 3 [internal function]: CodeIgniter\Autoloader\Autoloader->loadClass('App\\Controllers\\Admin\\CategoryController')
 4 [internal function]: spl_autoload_call('App\\Controllers\\Admin\\CategoryController')
 5 SYSTEMPATH\CodeIgniter.php(892): class_exists('\\App\\Controllers\\Admin\\CategoryController', true)
 6 SYSTEMPATH\CodeIgniter.php(486): CodeIgniter\CodeIgniter->startController()
 7 SYSTEMPATH\CodeIgniter.php(368): CodeIgniter\CodeIgniter->handleRequest(null, Object(Config\Cache), false)
 8 FCPATH\index.php(67): CodeIgniter\CodeIgniter->run()
INFO - 2023-07-10 06:42:21 --> Session: Class initialized using 'CodeIgniter\Session\Handlers\FileHandler' driver.
INFO - 2023-07-10 06:52:24 --> Session: Class initialized using 'CodeIgniter\Session\Handlers\FileHandler' driver.
INFO - 2023-07-10 06:53:29 --> Session: Class initialized using 'CodeIgniter\Session\Handlers\FileHandler' driver.
INFO - 2023-07-10 06:55:54 --> Session: Class initialized using 'CodeIgniter\Session\Handlers\FileHandler' driver.
INFO - 2023-07-10 06:56:27 --> Session: Class initialized using 'CodeIgniter\Session\Handlers\FileHandler' driver.
INFO - 2023-07-10 06:56:36 --> Session: Class initialized using 'CodeIgniter\Session\Handlers\FileHandler' driver.
INFO - 2023-07-10 06:56:48 --> Session: Class initialized using 'CodeIgniter\Session\Handlers\FileHandler' driver.
INFO - 2023-07-10 06:57:00 --> Session: Class initialized using 'CodeIgniter\Session\Handlers\FileHandler' driver.
INFO - 2023-07-10 06:57:11 --> Session: Class initialized using 'CodeIgniter\Session\Handlers\FileHandler' driver.
INFO - 2023-07-10 06:57:48 --> Session: Class initialized using 'CodeIgniter\Session\Handlers\FileHandler' driver.
INFO - 2023-07-10 06:58:04 --> Session: Class initialized using 'CodeIgniter\Session\Handlers\FileHandler' driver.
INFO - 2023-07-10 06:58:27 --> Session: Class initialized using 'CodeIgniter\Session\Handlers\FileHandler' driver.
INFO - 2023-07-10 06:58:35 --> Session: Class initialized using 'CodeIgniter\Session\Handlers\FileHandler' driver.
INFO - 2023-07-10 07:00:01 --> Session: Class initialized using 'CodeIgniter\Session\Handlers\FileHandler' driver.
INFO - 2023-07-10 07:00:05 --> Session: Class initialized using 'CodeIgniter\Session\Handlers\FileHandler' driver.
INFO - 2023-07-10 07:00:08 --> Session: Class initialized using 'CodeIgniter\Session\Handlers\FileHandler' driver.
INFO - 2023-07-10 07:00:35 --> Session: Class initialized using 'CodeIgniter\Session\Handlers\FileHandler' driver.
INFO - 2023-07-10 07:00:51 --> Session: Class initialized using 'CodeIgniter\Session\Handlers\FileHandler' driver.
INFO - 2023-07-10 07:02:13 --> Session: Class initialized using 'CodeIgniter\Session\Handlers\FileHandler' driver.
INFO - 2023-07-10 07:02:27 --> Session: Class initialized using 'CodeIgniter\Session\Handlers\FileHandler' driver.
INFO - 2023-07-10 07:02:37 --> Session: Class initialized using 'CodeIgniter\Session\Handlers\FileHandler' driver.
INFO - 2023-07-10 07:02:44 --> Session: Class initialized using 'CodeIgniter\Session\Handlers\FileHandler' driver.
INFO - 2023-07-10 07:02:51 --> Session: Class initialized using 'CodeIgniter\Session\Handlers\FileHandler' driver.
INFO - 2023-07-10 07:03:03 --> Session: Class initialized using 'CodeIgniter\Session\Handlers\FileHandler' driver.
INFO - 2023-07-10 07:03:54 --> Session: Class initialized using 'CodeIgniter\Session\Handlers\FileHandler' driver.
INFO - 2023-07-10 07:04:05 --> Session: Class initialized using 'CodeIgniter\Session\Handlers\FileHandler' driver.
INFO - 2023-07-10 07:04:56 --> Session: Class initialized using 'CodeIgniter\Session\Handlers\FileHandler' driver.
INFO - 2023-07-10 07:09:54 --> Session: Class initialized using 'CodeIgniter\Session\Handlers\FileHandler' driver.
INFO - 2023-07-10 07:10:11 --> Session: Class initialized using 'CodeIgniter\Session\Handlers\FileHandler' driver.
INFO - 2023-07-10 07:10:17 --> Session: Class initialized using 'CodeIgniter\Session\Handlers\FileHandler' driver.
INFO - 2023-07-10 07:12:04 --> Session: Class initialized using 'CodeIgniter\Session\Handlers\FileHandler' driver.
INFO - 2023-07-10 07:12:05 --> Session: Class initialized using 'CodeIgniter\Session\Handlers\FileHandler' driver.
INFO - 2023-07-10 07:12:15 --> Session: Class initialized using 'CodeIgniter\Session\Handlers\FileHandler' driver.
INFO - 2023-07-10 07:13:46 --> Session: Class initialized using 'CodeIgniter\Session\Handlers\FileHandler' driver.
INFO - 2023-07-10 07:14:37 --> Session: Class initialized using 'CodeIgniter\Session\Handlers\FileHandler' driver.
INFO - 2023-07-10 07:23:42 --> Session: Class initialized using 'CodeIgniter\Session\Handlers\FileHandler' driver.
INFO - 2023-07-10 07:23:58 --> Session: Class initialized using 'CodeIgniter\Session\Handlers\FileHandler' driver.
INFO - 2023-07-10 07:25:22 --> Session: Class initialized using 'CodeIgniter\Session\Handlers\FileHandler' driver.
INFO - 2023-07-10 07:27:15 --> Session: Class initialized using 'CodeIgniter\Session\Handlers\FileHandler' driver.
INFO - 2023-07-10 07:27:59 --> Session: Class initialized using 'CodeIgniter\Session\Handlers\FileHandler' driver.
INFO - 2023-07-10 07:28:02 --> Session: Class initialized using 'CodeIgniter\Session\Handlers\FileHandler' driver.
INFO - 2023-07-10 07:28:05 --> Session: Class initialized using 'CodeIgniter\Session\Handlers\FileHandler' driver.
INFO - 2023-07-10 07:28:07 --> Session: Class initialized using 'CodeIgniter\Session\Handlers\FileHandler' driver.
INFO - 2023-07-10 07:28:11 --> Session: Class initialized using 'CodeIgniter\Session\Handlers\FileHandler' driver.
INFO - 2023-07-10 07:28:12 --> Session: Class initialized using 'CodeIgniter\Session\Handlers\FileHandler' driver.
INFO - 2023-07-10 07:28:14 --> Session: Class initialized using 'CodeIgniter\Session\Handlers\FileHandler' driver.
